[33m[nodemon] 2.0.6[39m
[33m[nodemon] to restart at any time, enter `rs`[39m
[33m[nodemon] watching path(s): *.*[39m
[33m[nodemon] watching extensions: js,mjs,json[39m
[32m[nodemon] starting `node app.js`[39m
Environmet:  development
Server is running...
Go to 127.0.0.1:8080
Mongoose default connection open to mongodb://localhost:27017/alumni_website
[33m[nodemon] 2.0.6[39m
[33m[nodemon] to restart at any time, enter `rs`[39m
[33m[nodemon] watching path(s): *.*[39m
[33m[nodemon] watching extensions: js,mjs,json[39m
[32m[nodemon] starting `node app.js`[39m
Environmet:  development
Server is running...
Go to 127.0.0.1:8080
Mongoose default connection open to mongodb://localhost:27017/alumni_website
[32m[nodemon] restarting due to changes...[39m
[32m[nodemon] starting `node app.js`[39m
Environment:  development
Server is running...
Go to 127.0.0.1:8080
Mongoose default connection open to mongodb://localhost:27017/alumni_website
